#-----------------------------------------------------------
# Vivado v2018.2 (64-bit)
# SW Build 2258646 on Thu Jun 14 20:03:12 MDT 2018
# IP Build 2256618 on Thu Jun 14 22:10:49 MDT 2018
# Start of session at: Tue Nov 16 16:41:19 2021
# Process ID: 14896
# Current directory: C:/Xilinx/DigitalSystem/HW3-Calculator
# Command line: vivado.exe -gui_launcher_event rodinguilauncherevent16276 C:\Xilinx\DigitalSystem\HW3-Calculator\HW3-Calculator.xpr
# Log file: C:/Xilinx/DigitalSystem/HW3-Calculator/vivado.log
# Journal file: C:/Xilinx/DigitalSystem/HW3-Calculator\vivado.jou
#-----------------------------------------------------------
start_gui
open_project C:/Xilinx/DigitalSystem/HW3-Calculator/HW3-Calculator.xpr
Scanning sources...
Finished scanning sources
INFO: [IP_Flow 19-234] Refreshing IP repositories
INFO: [IP_Flow 19-1704] No user IP repositories specified
INFO: [IP_Flow 19-2313] Loaded Vivado IP repository 'C:/Xilinx/Vivado/2018.2/data/ip'.
open_project: Time (s): cpu = 00:00:09 ; elapsed = 00:00:06 . Memory (MB): peak = 890.133 ; gain = 147.227
update_compile_order -fileset sources_1
update_compile_order -fileset sources_1
update_compile_order -fileset sim_1
update_compile_order -fileset sources_1
update_compile_order -fileset sim_1
close [ open C:/Xilinx/DigitalSystem/HW3-Calculator/HW3-Calculator.srcs/sources_1/new/digit6.v w ]
add_files C:/Xilinx/DigitalSystem/HW3-Calculator/HW3-Calculator.srcs/sources_1/new/digit6.v
update_compile_order -fileset sources_1
update_compile_order -fileset sources_1
update_compile_order -fileset sim_1
update_compile_order -fileset sources_1
update_compile_order -fileset sim_1
update_compile_order -fileset sources_1
exit
INFO: [Common 17-206] Exiting Vivado at Wed Nov 17 05:32:51 2021...
