#-----------------------------------------------------------
# Vivado v2018.2 (64-bit)
# SW Build 2258646 on Thu Jun 14 20:03:12 MDT 2018
# IP Build 2256618 on Thu Jun 14 22:10:49 MDT 2018
# Start of session at: Fri Nov 19 21:21:14 2021
# Process ID: 15936
# Current directory: C:/Xilinx/DigitalSystem/HW3-Calculator
# Command line: vivado.exe -gui_launcher_event rodinguilauncherevent12632 C:\Xilinx\DigitalSystem\HW3-Calculator\HW3-Calculator.xpr
# Log file: C:/Xilinx/DigitalSystem/HW3-Calculator/vivado.log
# Journal file: C:/Xilinx/DigitalSystem/HW3-Calculator\vivado.jou
#-----------------------------------------------------------
start_gui
open_project C:/Xilinx/DigitalSystem/HW3-Calculator/HW3-Calculator.xpr
Scanning sources...
Finished scanning sources
INFO: [IP_Flow 19-234] Refreshing IP repositories
INFO: [IP_Flow 19-1704] No user IP repositories specified
INFO: [IP_Flow 19-2313] Loaded Vivado IP repository 'C:/Xilinx/Vivado/2018.2/data/ip'.
open_project: Time (s): cpu = 00:00:09 ; elapsed = 00:00:06 . Memory (MB): peak = 880.117 ; gain = 149.277
exit
INFO: [Common 17-206] Exiting Vivado at Fri Nov 19 22:54:45 2021...
